<?xml version="1.0" encoding="UTF-8"?>
<!-- Generated by org.testng.reporters.JUnitXMLReporter -->
<testsuite ignored="1" hostname="DESKTOP-CJA0QNI" failures="0" tests="1" name="Default test" time="7.589" errors="0" timestamp="2024-07-12T09:46:35 BST">
  <testcase classname="com.silverlake.test.LoginUITest" name="titleTest" time="0.017"/>
  <testcase classname="com.silverlake.test.LoginUITest" name="applicationDescriptionTest" time="0.0">
    <ignored/>
  </testcase> <!-- applicationDescriptionTest -->
</testsuite> <!-- Default test -->
