<?xml version="1.0" encoding="UTF-8"?>
<!-- Generated by org.testng.reporters.JUnitXMLReporter -->
<testsuite ignored="1" hostname="DESKTOP-CJA0QNI" failures="0" tests="2" name="Default test" time="82.609" errors="0" timestamp="2024-07-12T03:13:45 BST">
  <testcase classname="com.silverlake.test.LoginTest" name="invalidLoginTest" time="13.569"/>
  <testcase classname="com.silverlake.test.LoginTest" name="invalidLoginTest" time="24.792"/>
  <testcase classname="com.silverlake.test.LoginTest" name="validLoginTest" time="0.0">
    <ignored/>
  </testcase> <!-- validLoginTest -->
</testsuite> <!-- Default test -->
