<?xml version="1.0" encoding="UTF-8"?>
<testng-results ignored="0" total="2" passed="2" failed="0" skipped="0">
  <reporter-output>
  </reporter-output>
  <suite started-at="2024-07-12T10:05:33 BST" name="OpenEMR Suite" finished-at="2024-07-12T10:05:53 BST" duration-ms="19800">
    <groups>
    </groups>
    <test started-at="2024-07-12T10:05:33 BST" name="Login UI Test" finished-at="2024-07-12T10:05:53 BST" duration-ms="19800">
      <class name="com.silverlake.test.LoginUITest">
        <test-method is-config="true" signature="setup(java.lang.String)[pri:0, instance:com.silverlake.test.LoginUITest@3f197a46]" started-at="2024-07-12T10:05:33 BST" name="setup" finished-at="2024-07-12T10:05:41 BST" duration-ms="8271" status="PASS">
          <params>
            <param index="0">
              <value>
                <![CDATA[edge]]>
              </value>
            </param>
          </params>
          <reporter-output>
          </reporter-output>
        </test-method> <!-- setup -->
        <test-method signature="applicationDescriptionTest()[pri:0, instance:com.silverlake.test.LoginUITest@3f197a46]" started-at="2024-07-12T10:05:41 BST" name="applicationDescriptionTest" finished-at="2024-07-12T10:05:41 BST" duration-ms="42" status="PASS">
          <reporter-output>
          </reporter-output>
        </test-method> <!-- applicationDescriptionTest -->
        <test-method is-config="true" signature="teardown()[pri:0, instance:com.silverlake.test.LoginUITest@3f197a46]" started-at="2024-07-12T10:05:41 BST" name="teardown" finished-at="2024-07-12T10:05:43 BST" duration-ms="1189" status="PASS">
          <reporter-output>
          </reporter-output>
        </test-method> <!-- teardown -->
        <test-method is-config="true" signature="setup(java.lang.String)[pri:0, instance:com.silverlake.test.LoginUITest@3f197a46]" started-at="2024-07-12T10:05:43 BST" name="setup" finished-at="2024-07-12T10:05:52 BST" duration-ms="8936" status="PASS">
          <params>
            <param index="0">
              <value>
                <![CDATA[edge]]>
              </value>
            </param>
          </params>
          <reporter-output>
          </reporter-output>
        </test-method> <!-- setup -->
        <test-method signature="titleTest()[pri:0, instance:com.silverlake.test.LoginUITest@3f197a46]" started-at="2024-07-12T10:05:52 BST" name="titleTest" finished-at="2024-07-12T10:05:52 BST" duration-ms="10" status="PASS">
          <reporter-output>
          </reporter-output>
        </test-method> <!-- titleTest -->
        <test-method is-config="true" signature="teardown()[pri:0, instance:com.silverlake.test.LoginUITest@3f197a46]" started-at="2024-07-12T10:05:52 BST" name="teardown" finished-at="2024-07-12T10:05:53 BST" duration-ms="1302" status="PASS">
          <reporter-output>
          </reporter-output>
        </test-method> <!-- teardown -->
      </class> <!-- com.silverlake.test.LoginUITest -->
    </test> <!-- Login UI Test -->
  </suite> <!-- OpenEMR Suite -->
</testng-results>
