<?xml version="1.0" encoding="UTF-8"?>
<testng-results ignored="0" total="2" passed="2" failed="0" skipped="0">
  <reporter-output>
  </reporter-output>
  <suite started-at="2024-07-12T03:12:22 BST" name="Default suite" finished-at="2024-07-12T03:13:45 BST" duration-ms="82609">
    <groups>
    </groups>
    <test started-at="2024-07-12T03:12:22 BST" name="Default test" finished-at="2024-07-12T03:13:45 BST" duration-ms="82609">
      <class name="com.silverlake.test.LoginTest">
        <test-method is-config="true" signature="setup()[pri:0, instance:com.silverlake.test.LoginTest@436813f3]" started-at="2024-07-12T03:12:44 BST" name="setup" finished-at="2024-07-12T03:12:53 BST" duration-ms="8859" status="PASS">
          <reporter-output>
          </reporter-output>
        </test-method> <!-- setup -->
        <test-method signature="invalidLoginTest(java.lang.String,java.lang.String,java.lang.String)[pri:0, instance:com.silverlake.test.LoginTest@436813f3]" started-at="2024-07-12T03:12:53 BST" name="invalidLoginTest" data-provider="commonDataProvider" finished-at="2024-07-12T03:13:06 BST" duration-ms="13569" status="PASS">
          <params>
            <param index="0">
              <value>
                <![CDATA[bala123]]>
              </value>
            </param>
            <param index="1">
              <value>
                <![CDATA[bala123]]>
              </value>
            </param>
            <param index="2">
              <value>
                <![CDATA[Invalid username or password]]>
              </value>
            </param>
          </params>
          <reporter-output>
          </reporter-output>
        </test-method> <!-- invalidLoginTest -->
        <test-method is-config="true" signature="teardown()[pri:0, instance:com.silverlake.test.LoginTest@436813f3]" started-at="2024-07-12T03:13:06 BST" name="teardown" finished-at="2024-07-12T03:13:10 BST" duration-ms="3052" status="PASS">
          <reporter-output>
          </reporter-output>
        </test-method> <!-- teardown -->
        <test-method is-config="true" signature="setup()[pri:0, instance:com.silverlake.test.LoginTest@436813f3]" started-at="2024-07-12T03:13:10 BST" name="setup" finished-at="2024-07-12T03:13:16 BST" duration-ms="6857" status="PASS">
          <reporter-output>
          </reporter-output>
        </test-method> <!-- setup -->
        <test-method signature="invalidLoginTest(java.lang.String,java.lang.String,java.lang.String)[pri:0, instance:com.silverlake.test.LoginTest@436813f3]" started-at="2024-07-12T03:13:16 BST" name="invalidLoginTest" data-provider="commonDataProvider" finished-at="2024-07-12T03:13:41 BST" duration-ms="24792" status="PASS">
          <params>
            <param index="0">
              <value>
                <![CDATA[john]]>
              </value>
            </param>
            <param index="1">
              <value>
                <![CDATA[john123]]>
              </value>
            </param>
            <param index="2">
              <value>
                <![CDATA[Invalid username or password]]>
              </value>
            </param>
          </params>
          <reporter-output>
          </reporter-output>
        </test-method> <!-- invalidLoginTest -->
        <test-method is-config="true" signature="teardown()[pri:0, instance:com.silverlake.test.LoginTest@436813f3]" started-at="2024-07-12T03:13:41 BST" name="teardown" finished-at="2024-07-12T03:13:45 BST" duration-ms="3540" status="PASS">
          <reporter-output>
          </reporter-output>
        </test-method> <!-- teardown -->
      </class> <!-- com.silverlake.test.LoginTest -->
    </test> <!-- Default test -->
  </suite> <!-- Default suite -->
</testng-results>
