<?xml version="1.0" encoding="UTF-8"?>
<testng-results ignored="0" total="4" passed="4" failed="0" skipped="0">
  <reporter-output>
  </reporter-output>
  <suite started-at="2024-07-12T09:54:50 BST" name="OpenEMR Suite" finished-at="2024-07-12T09:55:09 BST" duration-ms="18829">
    <groups>
    </groups>
    <test started-at="2024-07-12T09:54:50 BST" name="Login UI Test Chrome" finished-at="2024-07-12T09:55:04 BST" duration-ms="14082">
      <class name="com.silverlake.test.LoginUITest">
        <test-method is-config="true" signature="setup(java.lang.String)[pri:0, instance:com.silverlake.test.LoginUITest@175c2241]" started-at="2024-07-12T09:54:50 BST" name="setup" finished-at="2024-07-12T09:54:58 BST" duration-ms="7946" status="PASS">
          <params>
            <param index="0">
              <value>
                <![CDATA[chrome]]>
              </value>
            </param>
          </params>
          <reporter-output>
          </reporter-output>
        </test-method> <!-- setup -->
        <test-method signature="applicationDescriptionTest()[pri:0, instance:com.silverlake.test.LoginUITest@175c2241]" started-at="2024-07-12T09:54:58 BST" name="applicationDescriptionTest" finished-at="2024-07-12T09:54:58 BST" duration-ms="75" status="PASS">
          <reporter-output>
          </reporter-output>
        </test-method> <!-- applicationDescriptionTest -->
        <test-method is-config="true" signature="teardown()[pri:0, instance:com.silverlake.test.LoginUITest@175c2241]" started-at="2024-07-12T09:54:58 BST" name="teardown" finished-at="2024-07-12T09:54:58 BST" duration-ms="190" status="PASS">
          <reporter-output>
          </reporter-output>
        </test-method> <!-- teardown -->
        <test-method is-config="true" signature="setup(java.lang.String)[pri:0, instance:com.silverlake.test.LoginUITest@175c2241]" started-at="2024-07-12T09:54:58 BST" name="setup" finished-at="2024-07-12T09:55:04 BST" duration-ms="5481" status="PASS">
          <params>
            <param index="0">
              <value>
                <![CDATA[chrome]]>
              </value>
            </param>
          </params>
          <reporter-output>
          </reporter-output>
        </test-method> <!-- setup -->
        <test-method signature="titleTest()[pri:0, instance:com.silverlake.test.LoginUITest@175c2241]" started-at="2024-07-12T09:55:04 BST" name="titleTest" finished-at="2024-07-12T09:55:04 BST" duration-ms="10" status="PASS">
          <reporter-output>
          </reporter-output>
        </test-method> <!-- titleTest -->
        <test-method is-config="true" signature="teardown()[pri:0, instance:com.silverlake.test.LoginUITest@175c2241]" started-at="2024-07-12T09:55:04 BST" name="teardown" finished-at="2024-07-12T09:55:04 BST" duration-ms="307" status="PASS">
          <reporter-output>
          </reporter-output>
        </test-method> <!-- teardown -->
      </class> <!-- com.silverlake.test.LoginUITest -->
    </test> <!-- Login UI Test Chrome -->
    <test started-at="2024-07-12T09:54:50 BST" name="Login UI Test Edge" finished-at="2024-07-12T09:55:09 BST" duration-ms="18829">
      <class name="com.silverlake.test.LoginUITest">
        <test-method is-config="true" signature="setup(java.lang.String)[pri:0, instance:com.silverlake.test.LoginUITest@3febb011]" started-at="2024-07-12T09:54:50 BST" name="setup" finished-at="2024-07-12T09:54:59 BST" duration-ms="8641" status="PASS">
          <params>
            <param index="0">
              <value>
                <![CDATA[edge]]>
              </value>
            </param>
          </params>
          <reporter-output>
          </reporter-output>
        </test-method> <!-- setup -->
        <test-method signature="applicationDescriptionTest()[pri:0, instance:com.silverlake.test.LoginUITest@3febb011]" started-at="2024-07-12T09:54:59 BST" name="applicationDescriptionTest" finished-at="2024-07-12T09:54:59 BST" duration-ms="158" status="PASS">
          <reporter-output>
          </reporter-output>
        </test-method> <!-- applicationDescriptionTest -->
        <test-method is-config="true" signature="teardown()[pri:0, instance:com.silverlake.test.LoginUITest@3febb011]" started-at="2024-07-12T09:54:59 BST" name="teardown" finished-at="2024-07-12T09:55:00 BST" duration-ms="1547" status="PASS">
          <reporter-output>
          </reporter-output>
        </test-method> <!-- teardown -->
        <test-method is-config="true" signature="setup(java.lang.String)[pri:0, instance:com.silverlake.test.LoginUITest@3febb011]" started-at="2024-07-12T09:55:00 BST" name="setup" finished-at="2024-07-12T09:55:07 BST" duration-ms="7240" status="PASS">
          <params>
            <param index="0">
              <value>
                <![CDATA[edge]]>
              </value>
            </param>
          </params>
          <reporter-output>
          </reporter-output>
        </test-method> <!-- setup -->
        <test-method signature="titleTest()[pri:0, instance:com.silverlake.test.LoginUITest@3febb011]" started-at="2024-07-12T09:55:07 BST" name="titleTest" finished-at="2024-07-12T09:55:07 BST" duration-ms="8" status="PASS">
          <reporter-output>
          </reporter-output>
        </test-method> <!-- titleTest -->
        <test-method is-config="true" signature="teardown()[pri:0, instance:com.silverlake.test.LoginUITest@3febb011]" started-at="2024-07-12T09:55:07 BST" name="teardown" finished-at="2024-07-12T09:55:09 BST" duration-ms="1187" status="PASS">
          <reporter-output>
          </reporter-output>
        </test-method> <!-- teardown -->
      </class> <!-- com.silverlake.test.LoginUITest -->
    </test> <!-- Login UI Test Edge -->
  </suite> <!-- OpenEMR Suite -->
</testng-results>
